2025-04-16T12:45:51.618  INFO [OverseerApi][][] The Class-Path manifest attribute in /Users/abengier/.m2/repository/com/cronutils/cron-utils/9.2.1/cron-utils-9.2.1.jar referenced one or more files that do not exist: file:/Users/abengier/.m2/repository/com/cronutils/cron-utils/9.2.1/slf4j-api-2.0.7.jar
2025-04-16T12:45:51.622  INFO [OverseerApi][][] Devtools property defaults active! Set 'spring.devtools.add-properties' to 'false' to disable
2025-04-16T12:45:51.741  INFO [OverseerApi][][] The following 1 profile is active: "test"
2025-04-16T12:45:52.105  INFO [OverseerApi][][] Bootstrapping Spring Data JPA repositories in DEFAULT mode.
2025-04-16T12:45:52.135  INFO [OverseerApi][][] Finished Spring Data repository scanning in 25 ms. Found 10 JPA repository interfaces.
2025-04-16T12:45:52.214  INFO [OverseerApi][][] BeanFactory id=0a06106a-0467-3f97-b2e5-710132f3cdd4
2025-04-16T12:45:52.480  INFO [OverseerApi][][] Tomcat initialized with port 8080 (http)
2025-04-16T12:45:52.485  INFO [OverseerApi][][] Initializing ProtocolHandler ["http-nio-8080"]
2025-04-16T12:45:52.485  INFO [OverseerApi][][] Starting service [Tomcat]
2025-04-16T12:45:52.485  INFO [OverseerApi][][] Starting Servlet engine: [Apache Tomcat/10.1.34]
2025-04-16T12:45:52.502  INFO [OverseerApi][][] Initializing Spring embedded WebApplicationContext
2025-04-16T12:45:52.502  INFO [OverseerApi][][] Root WebApplicationContext: initialization completed in 757 ms
2025-04-16T12:45:52.636  INFO [OverseerApi][][] HHH000204: Processing PersistenceUnitInfo [name: default]
2025-04-16T12:45:52.657  INFO [OverseerApi][][] HHH000412: Hibernate ORM core version 6.6.4.Final
2025-04-16T12:45:52.668  INFO [OverseerApi][][] HHH000026: Second-level cache disabled
2025-04-16T12:45:52.771  INFO [OverseerApi][][] No LoadTimeWeaver setup: ignoring JPA class transformer
2025-04-16T12:45:52.783  INFO [OverseerApi][][] HikariPool-1 - Starting...
2025-04-16T12:45:52.863  INFO [OverseerApi][][] HikariPool-1 - Added connection conn0: url=jdbc:h2:file:./data/odb user=ADMIN
2025-04-16T12:45:52.863  INFO [OverseerApi][][] HikariPool-1 - Start completed.
2025-04-16T12:45:52.873  WARN [OverseerApi][][] HHH90000025: H2Dialect does not need to be specified explicitly using 'hibernate.dialect' (remove the property setting and it will be selected by default)
2025-04-16T12:45:52.880  INFO [OverseerApi][][] HHH10001005: Database info:
	Database JDBC URL [Connecting through datasource 'HikariDataSource (HikariPool-1)']
	Database driver: undefined/unknown
	Database version: 2.3.232
	Autocommit mode: undefined/unknown
	Isolation level: undefined/unknown
	Minimum pool size: undefined/unknown
	Maximum pool size: undefined/unknown
2025-04-16T12:45:53.264  INFO [OverseerApi][][] HHH000489: No JTA platform available (set 'hibernate.transaction.jta.platform' to enable JTA platform integration)
2025-04-16T12:45:53.265  INFO [OverseerApi][][] Initialized JPA EntityManagerFactory for persistence unit 'default'
2025-04-16T12:45:53.742  WARN [OverseerApi][][] spring.jpa.open-in-view is enabled by default. Therefore, database queries may be performed during view rendering. Explicitly configure spring.jpa.open-in-view to disable this warning
2025-04-16T12:45:53.768  WARN [OverseerApi][][] 

Using generated security password: 1f39c981-dc87-4fe0-874a-bcb2819e1cf7

This generated password is for development use only. Your security configuration must be updated before running your application in production.

2025-04-16T12:45:53.773  INFO [OverseerApi][][] Global AuthenticationManager configured with UserDetailsService bean with name inMemoryUserDetailsManager
2025-04-16T12:45:53.809  INFO [OverseerApi][][] Adding welcome page: class path resource [static/index.html]
2025-04-16T12:45:54.014  INFO [OverseerApi][][] Exposing 1 endpoint beneath base path '/actuator'
2025-04-16T12:45:54.075  INFO [OverseerApi][][] Failed to set up a Bean Validation provider: jakarta.validation.NoProviderFoundException: Unable to create a Configuration, because no Jakarta Bean Validation provider could be found. Add a provider like Hibernate Validator (RI) to your classpath.
2025-04-16T12:45:54.287  INFO [OverseerApi][][] H2 console available at '/h2-console'. Database available at 'jdbc:h2:file:./data/odb'
2025-04-16T12:45:54.339  INFO [OverseerApi][][] LiveReload server is running on port 35729
2025-04-16T12:45:54.384  INFO [OverseerApi][][] Starting ProtocolHandler ["http-nio-8080"]
2025-04-16T12:45:54.389  INFO [OverseerApi][][] Tomcat started on port 8080 (http) with context path '/'
2025-04-16T12:45:54.399  INFO [OverseerApi][][] Started OverseerApplication in 3.03 seconds (process running for 3.503)
2025-04-16T12:45:54.727  INFO [OverseerApi][][] Initializing Spring DispatcherServlet 'dispatcherServlet'
2025-04-16T12:45:54.728  INFO [OverseerApi][][] Initializing Servlet 'dispatcherServlet'
2025-04-16T12:45:54.729  INFO [OverseerApi][][] Completed initialization in 1 ms
2025-04-16T12:46:16.590  INFO [OverseerApi][endpoint: /api/info/logFiles][] Retrieving log files
2025-04-16T12:46:16.590  INFO [OverseerApi][endpoint: /api/info/logFiles][] logs/OverseerApi
2025-04-16T12:46:16.601  INFO [OverseerApi][endpoint: /api/info/logFiles][] Retrieving log files
2025-04-16T12:46:16.601  INFO [OverseerApi][endpoint: /api/info/logFiles][] logs/OverseerApi
2025-04-16T12:46:22.997  INFO [OverseerApi][endpoint: /api/info/logFiles/file][] Generating/Retrieving log file logs/OverseerApi/OverseerApi_log.out
2025-04-16T12:46:22.997  INFO [OverseerApi][endpoint: /api/info/logFiles/file][] logs/OverseerApi/OverseerApi_log.out
2025-04-16T12:46:38.919  INFO [OverseerApi][endpoint: /api/info][] Retrieving api data
2025-04-16T12:46:38.925  INFO [OverseerApi][endpoint: /api/info][] Retrieving api data
2025-04-16T12:47:23.553  INFO [OverseerApi][endpoint: /api/info/logFiles][] Retrieving log files
2025-04-16T12:47:23.553  INFO [OverseerApi][endpoint: /api/info/logFiles][] logs/OverseerApi
2025-04-16T12:47:23.557  INFO [OverseerApi][endpoint: /api/info/logFiles][] Retrieving log files
2025-04-16T12:47:23.558  INFO [OverseerApi][endpoint: /api/info/logFiles][] logs/OverseerApi
2025-04-16T12:50:03.246  INFO [OverseerApi][][] Commencing graceful shutdown. Waiting for active requests to complete
2025-04-16T12:50:03.248  INFO [OverseerApi][][] Graceful shutdown complete
2025-04-16T12:50:03.255  INFO [OverseerApi][][] Closing JPA EntityManagerFactory for persistence unit 'default'
2025-04-16T12:50:03.256  INFO [OverseerApi][][] HikariPool-1 - Shutdown initiated...
2025-04-16T12:50:03.258  INFO [OverseerApi][][] HikariPool-1 - Shutdown completed.
